TN:
SF:src/modules/alignments/services/CreateAlignmentService.ts
FN:19,(anonymous_17)
FN:20,CreateAlignmentService
FN:25,(anonymous_19)
FNF:3
FNH:3
FNDA:1,(anonymous_17)
FNDA:1,CreateAlignmentService
FNDA:1,(anonymous_19)
DA:1,1
DA:19,1
DA:22,1
DA:25,1
DA:26,1
DA:28,1
DA:30,1
LF:7
LH:7
BRF:0
BRH:0
end_of_record
TN:
SF:src/modules/alignments/services/CreateSequenceService.ts
FN:18,(anonymous_18)
FN:19,CreateSequenceService
FN:27,(anonymous_20)
FNF:3
FNH:3
FNDA:1,(anonymous_18)
FNDA:2,CreateSequenceService
FNDA:2,(anonymous_20)
DA:1,1
DA:8,1
DA:18,1
DA:21,2
DA:24,2
DA:27,1
DA:28,2
DA:29,2
DA:30,2
DA:31,2
DA:33,2
DA:35,2
DA:36,1
DA:38,1
DA:45,1
DA:47,1
LF:16
LH:16
BRDA:33,0,0,2
BRDA:35,1,0,1
BRDA:35,1,1,1
BRF:3
BRH:3
end_of_record
TN:
SF:src/modules/alignments/services/SelectMASAExtensionService.ts
FN:14,(anonymous_2)
FN:15,(anonymous_4)
FNF:2
FNH:2
FNDA:5,(anonymous_2)
FNDA:4,(anonymous_4)
DA:1,1
DA:2,1
DA:3,1
DA:5,1
DA:14,1
DA:15,4
DA:18,4
DA:19,3
DA:21,2
DA:25,2
DA:29,2
DA:30,1
DA:32,1
DA:36,4
DA:38,1
LF:15
LH:15
BRDA:18,0,0,1
BRDA:18,0,1,3
BRDA:19,1,0,1
BRDA:19,1,1,2
BRDA:29,2,0,1
BRDA:29,2,1,1
BRDA:29,3,0,2
BRDA:29,3,1,2
BRF:8
BRH:8
end_of_record
TN:
SF:src/modules/alignments/services/ShowAlignmentService.ts
FN:26,(anonymous_19)
FN:27,ShowAlignmentService
FN:35,(anonymous_21)
FN:53,(anonymous_24)
FNF:4
FNH:4
FNDA:1,(anonymous_19)
FNDA:6,ShowAlignmentService
FNDA:6,(anonymous_21)
FNDA:12,(anonymous_24)
DA:1,1
DA:2,1
DA:3,1
DA:11,1
DA:13,1
DA:26,1
DA:29,6
DA:32,6
DA:35,1
DA:36,6
DA:38,6
DA:40,5
DA:42,5
DA:44,4
DA:48,4
DA:50,4
DA:53,12
DA:56,4
DA:61,4
DA:62,2
DA:63,2
DA:66,4
DA:71,4
DA:72,2
DA:74,2
DA:77,4
DA:83,4
DA:85,1
LF:28
LH:28
BRDA:36,0,0,6
BRDA:38,1,0,1
BRDA:38,1,1,5
BRDA:42,2,0,1
BRDA:42,2,1,4
BRDA:61,3,0,2
BRDA:61,3,1,2
BRDA:71,4,0,2
BRDA:71,4,1,2
BRF:9
BRH:9
end_of_record
TN:
SF:src/modules/files/services/CheckFastaFormatService.ts
FN:8,(anonymous_1)
FN:9,(anonymous_3)
FN:12,(anonymous_4)
FNF:3
FNH:3
FNDA:16,(anonymous_1)
FNDA:8,(anonymous_3)
FNDA:454,(anonymous_4)
DA:1,2
DA:8,2
DA:9,8
DA:10,8
DA:11,8
DA:12,454
DA:14,8
DA:15,8
DA:17,2
LF:9
LH:9
BRF:0
BRH:0
end_of_record
TN:
SF:src/modules/files/services/FetchBinaryResultsService.ts
FN:14,(anonymous_18)
FN:15,FetchBinaryResultsService
FN:23,(anonymous_20)
FNF:3
FNH:3
FNDA:1,(anonymous_18)
FNDA:2,FetchBinaryResultsService
FNDA:2,(anonymous_20)
DA:1,1
DA:2,1
DA:4,1
DA:14,1
DA:17,2
DA:20,2
DA:23,2
DA:24,2
DA:28,2
DA:30,1
DA:31,1
DA:33,1
DA:35,1
DA:37,1
DA:39,1
LF:15
LH:15
BRDA:24,0,0,2
BRDA:28,1,0,1
BRDA:28,1,1,1
BRF:3
BRH:3
end_of_record
TN:
SF:src/modules/files/services/FetchFastaFilesService.ts
FN:18,(anonymous_18)
FN:19,FetchFastaFilesService
FN:27,(anonymous_20)
FNF:3
FNH:3
FNDA:1,(anonymous_18)
FNDA:2,FetchFastaFilesService
FNDA:2,(anonymous_20)
DA:1,1
DA:3,1
DA:18,1
DA:21,2
DA:24,2
DA:27,2
DA:28,2
DA:32,2
DA:33,1
DA:35,1
DA:37,1
DA:42,1
DA:44,1
LF:13
LH:13
BRDA:28,0,0,2
BRDA:32,1,0,1
BRDA:32,1,1,1
BRF:3
BRH:3
end_of_record
TN:
SF:src/modules/files/services/GetFileNameService.ts
FN:24,(anonymous_18)
FN:25,GetFileNameService
FN:33,(anonymous_20)
FNF:3
FNH:3
FNDA:1,(anonymous_18)
FNDA:9,GetFileNameService
FNDA:10,(anonymous_20)
DA:1,1
DA:2,1
DA:3,1
DA:5,1
DA:6,1
DA:11,1
DA:24,1
DA:27,9
DA:30,9
DA:33,10
DA:36,10
DA:38,10
DA:39,2
DA:40,2
DA:42,1
DA:44,1
DA:46,4
DA:47,4
DA:49,4
DA:51,2
DA:53,2
DA:55,2
DA:56,1
DA:58,1
DA:60,1
DA:62,2
DA:63,2
DA:64,1
DA:66,1
DA:68,1
DA:71,2
DA:74,3
DA:76,1
LF:33
LH:33
BRDA:33,0,0,1
BRDA:33,0,1,9
BRDA:71,1,0,2
BRDA:71,1,1,3
BRDA:39,2,0,2
BRDA:39,2,1,4
BRDA:39,2,2,2
BRDA:40,3,0,1
BRDA:40,3,1,1
BRDA:47,4,0,3
BRDA:47,4,1,1
BRDA:49,5,0,2
BRDA:49,5,1,2
BRDA:55,6,0,1
BRDA:55,6,1,1
BRDA:63,7,0,1
BRDA:63,7,1,1
BRF:17
BRH:17
end_of_record
