TN:
SF:src/modules/alignments/services/CreateAlignmentService.ts
FN:19,(anonymous_17)
FN:20,CreateAlignmentService
FN:25,(anonymous_19)
FNF:3
FNH:3
FNDA:1,(anonymous_17)
FNDA:1,CreateAlignmentService
FNDA:1,(anonymous_19)
DA:1,1
DA:19,1
DA:22,1
DA:25,1
DA:26,1
DA:28,1
DA:30,1
LF:7
LH:7
BRF:0
BRH:0
end_of_record
TN:
SF:src/modules/alignments/services/CreateSequenceService.ts
FN:18,(anonymous_18)
FN:19,CreateSequenceService
FN:27,(anonymous_20)
FNF:3
FNH:3
FNDA:1,(anonymous_18)
FNDA:2,CreateSequenceService
FNDA:2,(anonymous_20)
DA:1,1
DA:8,1
DA:18,1
DA:21,2
DA:24,2
DA:27,1
DA:28,2
DA:29,2
DA:30,2
DA:31,2
DA:33,2
DA:35,2
DA:36,1
DA:38,1
DA:45,1
DA:47,1
LF:16
LH:16
BRDA:33,0,0,2
BRDA:35,1,0,1
BRDA:35,1,1,1
BRF:3
BRH:3
end_of_record
TN:
SF:src/modules/alignments/services/SelectMASAExtensionService.ts
FN:14,(anonymous_2)
FN:15,(anonymous_4)
FNF:2
FNH:2
FNDA:5,(anonymous_2)
FNDA:4,(anonymous_4)
DA:1,1
DA:2,1
DA:3,1
DA:5,1
DA:14,1
DA:15,4
DA:18,4
DA:19,3
DA:21,2
DA:25,2
DA:29,2
DA:30,1
DA:32,1
DA:36,4
DA:38,1
LF:15
LH:15
BRDA:18,0,0,1
BRDA:18,0,1,3
BRDA:19,1,0,1
BRDA:19,1,1,2
BRDA:29,2,0,1
BRDA:29,2,1,1
BRDA:29,3,0,2
BRDA:29,3,1,2
BRF:8
BRH:8
end_of_record
TN:
SF:src/modules/alignments/services/ShowAlignmentService.ts
FN:26,(anonymous_19)
FN:27,ShowAlignmentService
FN:35,(anonymous_21)
FN:53,(anonymous_24)
FNF:4
FNH:4
FNDA:1,(anonymous_19)
FNDA:6,ShowAlignmentService
FNDA:6,(anonymous_21)
FNDA:12,(anonymous_24)
DA:1,1
DA:2,1
DA:3,1
DA:11,1
DA:13,1
DA:26,1
DA:29,6
DA:32,6
DA:35,1
DA:36,6
DA:38,6
DA:40,5
DA:42,5
DA:44,4
DA:48,4
DA:50,4
DA:53,12
DA:56,4
DA:61,4
DA:62,2
DA:63,2
DA:66,4
DA:71,4
DA:72,2
DA:74,2
DA:77,4
DA:83,4
DA:85,1
LF:28
LH:28
BRDA:36,0,0,6
BRDA:38,1,0,1
BRDA:38,1,1,5
BRDA:42,2,0,1
BRDA:42,2,1,4
BRDA:61,3,0,2
BRDA:61,3,1,2
BRDA:71,4,0,2
BRDA:71,4,1,2
BRF:9
BRH:9
end_of_record
TN:
SF:src/modules/files/services/CheckFastaFormatService.ts
FN:8,(anonymous_1)
FN:9,(anonymous_3)
FN:12,(anonymous_4)
FNF:3
FNH:3
FNDA:5,(anonymous_1)
FNDA:4,(anonymous_3)
FNDA:155,(anonymous_4)
DA:1,1
DA:8,1
DA:9,4
DA:10,4
DA:11,4
DA:12,155
DA:14,4
DA:15,4
DA:17,1
LF:9
LH:9
BRF:0
BRH:0
end_of_record
TN:
SF:src/modules/files/services/FetchBinaryResultsService.ts
FN:14,(anonymous_18)
FN:15,FetchBinaryResultsService
FN:23,(anonymous_20)
FNF:3
FNH:3
FNDA:1,(anonymous_18)
FNDA:2,FetchBinaryResultsService
FNDA:2,(anonymous_20)
DA:1,1
DA:2,1
DA:4,1
DA:14,1
DA:17,2
DA:20,2
DA:23,2
DA:24,2
DA:28,2
DA:30,1
DA:31,1
DA:33,1
DA:35,1
DA:37,1
DA:39,1
LF:15
LH:15
BRDA:24,0,0,2
BRDA:28,1,0,1
BRDA:28,1,1,1
BRF:3
BRH:3
end_of_record
TN:
SF:src/modules/files/services/FetchFastaFilesService.ts
FN:18,(anonymous_18)
FN:19,FetchFastaFilesService
FN:27,(anonymous_20)
FNF:3
FNH:3
FNDA:1,(anonymous_18)
FNDA:2,FetchFastaFilesService
FNDA:2,(anonymous_20)
DA:1,1
DA:3,1
DA:18,1
DA:21,2
DA:24,2
DA:27,2
DA:28,2
DA:32,2
DA:33,1
DA:35,1
DA:37,1
DA:42,1
DA:44,1
LF:13
LH:13
BRDA:28,0,0,2
BRDA:32,1,0,1
BRDA:32,1,1,1
BRF:3
BRH:3
end_of_record
TN:
SF:src/modules/files/services/GetFileNameService.ts
FN:24,(anonymous_18)
FN:25,GetFileNameService
FN:33,(anonymous_20)
FNF:3
FNH:0
FNDA:0,(anonymous_18)
FNDA:0,GetFileNameService
FNDA:0,(anonymous_20)
DA:1,0
DA:2,0
DA:3,0
DA:5,0
DA:6,0
DA:11,0
DA:24,0
DA:27,0
DA:30,0
DA:33,0
DA:34,0
DA:35,0
DA:36,0
DA:37,0
DA:41,0
DA:43,0
DA:44,0
DA:45,0
DA:47,0
DA:49,0
DA:51,0
DA:52,0
DA:54,0
DA:55,0
DA:57,0
DA:59,0
DA:61,0
DA:62,0
DA:64,0
DA:66,0
DA:68,0
DA:69,0
DA:70,0
DA:72,0
DA:74,0
DA:77,0
DA:80,0
DA:82,0
LF:38
LH:0
BRDA:36,0,0,0
BRDA:36,0,1,0
BRDA:37,1,0,0
BRDA:37,1,1,0
BRDA:77,2,0,0
BRDA:77,2,1,0
BRDA:44,3,0,0
BRDA:44,3,1,0
BRDA:44,3,2,0
BRDA:45,4,0,0
BRDA:45,4,1,0
BRDA:52,5,0,0
BRDA:52,5,1,0
BRDA:52,6,0,0
BRDA:52,6,1,0
BRDA:52,7,0,0
BRDA:52,7,1,0
BRDA:52,8,0,0
BRDA:52,8,1,0
BRDA:52,9,0,0
BRDA:52,9,1,0
BRDA:54,10,0,0
BRDA:54,10,1,0
BRDA:61,11,0,0
BRDA:61,11,1,0
BRDA:69,12,0,0
BRDA:69,12,1,0
BRF:27
BRH:0
end_of_record
